=== EVIDENCE OF PUSH ===
7d3bc87 fix: apply PR #8 review auto-fixes (21 issues)
commit 7d3bc87bd9054dd5037ddd14a269957d7e2bc446
Author: happytomatoe <2893931+happytomatoe@users.noreply.github.com>
Date:   Sat Jul 18 15:42:35 2026 +0200

    fix: apply PR #8 review auto-fixes (21 issues)

 .pre-commit-config.yaml                            |  2 +-
 AGENTS.md                                          |  6 +--
 .../com/example/whispertoinput/MainActivity.kt     |  2 +-
 justfile                                           | 23 +++++++----
 run_e2e_test.sh                                    | 47 +++++++++++++++++-----
 scripts/check-no-coauthored.sh                     |  2 +-
 scripts/ui_tap.py                                  |  5 ++-
 scripts/update-version.sh                          | 14 +++++--
 8 files changed, 71 insertions(+), 30 deletions(-)

=== EVIDENCE OF PUSH TO REMOTE ===
7d3bc87 HEAD@{0}: commit (amend): fix: apply PR #8 review auto-fixes (21 issues)
d44f5c8 HEAD@{1}: commit: fix: apply PR #8 review auto-fixes (21 issues)
9565e2c HEAD@{2}: commit: fix: test-e2e-transcribe to use secret-tool for API key
f63cffc HEAD@{3}: commit: docs: add note about pre-push hook installation and migrate config
0f43dfe HEAD@{4}: commit (merge): Merge branch 'main' of origin into feat/api-key-links

=== EVIDENCE OF REVIEW TRIGGER ===
{"body":"@coderabbitai review","createdAt":"2026-07-18T13:45:43Z"}

=== EVIDENCE OF CODERABBIT ACKNOWLEDGMENT ===

=== EVIDENCE OF REVIEW COMPLETION ===
{"author":"coderabbitai","state":"COMMENTED","submittedAt":"2026-07-18T13:53:15Z"}
